# JRE version: Java(TM) SE Runtime Environment (8.0_102-b14) (build 1.8.0_102-b14)
# Java VM: Java HotSpot(TM) 64-Bit Server VM (25.102-b14 mixed mode windows-amd64 compressed oops)
Heap:
 PSYoungGen      total 894464K, used 238869K [0x0000000780780000, 0x00000007b9200000, 0x00000007c0000000)
  eden space 881152K, 25% used [0x0000000780780000,0x000000078e427cd0,0x00000007b6400000)
  from space 13312K, 97% used [0x00000007b8500000,0x00000007b919daa8,0x00000007b9200000)
  to   space 16896K, 0% used [0x00000007b7100000,0x00000007b7100000,0x00000007b8180000)
 ParOldGen       total 143360K, used 35275K [0x0000000701600000, 0x000000070a200000, 0x0000000780780000)
  object space 143360K, 24% used [0x0000000701600000,0x0000000703872ff0,0x000000070a200000)
 Metaspace       used 72861K, capacity 74490K, committed 74928K, reserved 1114112K
  class space    used 9494K, capacity 9818K, committed 9904K, reserved 1048576K
GC Heap History (10 events):
Event: 79.331 GC heap before
{Heap before GC invocations=13 (full 2):
 PSYoungGen      total 492544K, used 484352K [0x0000000780780000, 0x00000007a2b80000, 0x00000007c0000000)
  eden space 484352K, 100% used [0x0000000780780000,0x000000079e080000,0x000000079e080000)
  from space 8192K, 0% used [0x000000079e800000,0x000000079e800000,0x000000079f000000)
  to   space 7680K, 0% used [0x000000079e080000,0x000000079e080000,0x000000079e800000)
 ParOldGen       total 93696K, used 12469K [0x0000000701600000, 0x0000000707180000, 0x0000000780780000)
  object space 93696K, 13% used [0x0000000701600000,0x000000070222d730,0x0000000707180000)
 Metaspace       used 45249K, capacity 46484K, committed 46640K, reserved 1089536K
  class space    used 5646K, capacity 5906K, committed 5936K, reserved 1048576K
Event: 79.366 GC heap after
Heap after GC invocations=13 (full 2):
 PSYoungGen      total 492032K, used 7660K [0x0000000780780000, 0x00000007aab00000, 0x00000007c0000000)
  eden space 484352K, 0% used [0x0000000780780000,0x0000000780780000,0x000000079e080000)
  from space 7680K, 99% used [0x000000079e080000,0x000000079e7fb0b0,0x000000079e800000)
  to   space 10240K, 0% used [0x00000007aa100000,0x00000007aa100000,0x00000007aab00000)
 ParOldGen       total 93696K, used 17621K [0x0000000701600000, 0x0000000707180000, 0x0000000780780000)
  object space 93696K, 18% used [0x0000000701600000,0x0000000702735568,0x0000000707180000)
 Metaspace       used 45249K, capacity 46484K, committed 46640K, reserved 1089536K
  class space    used 5646K, capacity 5906K, committed 5936K, reserved 1048576K
}
Event: 95.272 GC heap before
{Heap before GC invocations=14 (full 2):
 PSYoungGen      total 492032K, used 492012K [0x0000000780780000, 0x00000007aab00000, 0x00000007c0000000)
  eden space 484352K, 100% used [0x0000000780780000,0x000000079e080000,0x000000079e080000)
  from space 7680K, 99% used [0x000000079e080000,0x000000079e7fb0b0,0x000000079e800000)
  to   space 10240K, 0% used [0x00000007aa100000,0x00000007aa100000,0x00000007aab00000)
 ParOldGen       total 93696K, used 17621K [0x0000000701600000, 0x0000000707180000, 0x0000000780780000)
  object space 93696K, 18% used [0x0000000701600000,0x0000000702735568,0x0000000707180000)
 Metaspace       used 49903K, capacity 51354K, committed 51504K, reserved 1093632K
  class space    used 6050K, capacity 6343K, committed 6448K, reserved 1048576K
Event: 95.530 GC heap after
Heap after GC invocations=14 (full 2):
 PSYoungGen      total 676352K, used 10220K [0x0000000780780000, 0x00000007ab200000, 0x00000007c0000000)
  eden space 666112K, 0% used [0x0000000780780000,0x0000000780780000,0x00000007a9200000)
  from space 10240K, 99% used [0x00000007aa100000,0x00000007aaafb1a0,0x00000007aab00000)
  to   space 15360K, 0% used [0x00000007a9200000,0x00000007a9200000,0x00000007aa100000)
 ParOldGen       total 93696K, used 27936K [0x0000000701600000, 0x0000000707180000, 0x0000000780780000)
  object space 93696K, 29% used [0x0000000701600000,0x0000000703148048,0x0000000707180000)
 Metaspace       used 49903K, capacity 51354K, committed 51504K, reserved 1093632K
  class space    used 6050K, capacity 6343K, committed 6448K, reserved 1048576K
}
Event: 111.813 GC heap before
{Heap before GC invocations=15 (full 2):
 PSYoungGen      total 676352K, used 257615K [0x0000000780780000, 0x00000007ab200000, 0x00000007c0000000)
  eden space 666112K, 37% used [0x0000000780780000,0x000000078f918e40,0x00000007a9200000)
  from space 10240K, 99% used [0x00000007aa100000,0x00000007aaafb1a0,0x00000007aab00000)
  to   space 15360K, 0% used [0x00000007a9200000,0x00000007a9200000,0x00000007aa100000)
 ParOldGen       total 93696K, used 27936K [0x0000000701600000, 0x0000000707180000, 0x0000000780780000)
  object space 93696K, 29% used [0x0000000701600000,0x0000000703148048,0x0000000707180000)
 Metaspace       used 57459K, capacity 58938K, committed 59160K, reserved 1101824K
  class space    used 7030K, capacity 7324K, committed 7344K, reserved 1048576K
Event: 111.890 GC heap after
Heap after GC invocations=15 (full 2):
 PSYoungGen      total 681472K, used 10837K [0x0000000780780000, 0x00000007b9480000, 0x00000007c0000000)
  eden space 666112K, 0% used [0x0000000780780000,0x0000000780780000,0x00000007a9200000)
  from space 15360K, 70% used [0x00000007a9200000,0x00000007a9c95540,0x00000007aa100000)
  to   space 15872K, 0% used [0x00000007b8500000,0x00000007b8500000,0x00000007b9480000)
 ParOldGen       total 93696K, used 38141K [0x0000000701600000, 0x0000000707180000, 0x0000000780780000)
  object space 93696K, 40% used [0x0000000701600000,0x0000000703b3f740,0x0000000707180000)
 Metaspace       used 57459K, capacity 58938K, committed 59160K, reserved 1101824K
  class space    used 7030K, capacity 7324K, committed 7344K, reserved 1048576K
}
Event: 111.890 GC heap before
{Heap before GC invocations=16 (full 3):
 PSYoungGen      total 681472K, used 10837K [0x0000000780780000, 0x00000007b9480000, 0x00000007c0000000)
  eden space 666112K, 0% used [0x0000000780780000,0x0000000780780000,0x00000007a9200000)
  from space 15360K, 70% used [0x00000007a9200000,0x00000007a9c95540,0x00000007aa100000)
  to   space 15872K, 0% used [0x00000007b8500000,0x00000007b8500000,0x00000007b9480000)
 ParOldGen       total 93696K, used 38141K [0x0000000701600000, 0x0000000707180000, 0x0000000780780000)
  object space 93696K, 40% used [0x0000000701600000,0x0000000703b3f740,0x0000000707180000)
 Metaspace       used 57459K, capacity 58938K, committed 59160K, reserved 1101824K
  class space    used 7030K, capacity 7324K, committed 7344K, reserved 1048576K
Event: 112.325 GC heap after
Heap after GC invocations=16 (full 3):
 PSYoungGen      total 681472K, used 0K [0x0000000780780000, 0x00000007b9480000, 0x00000007c0000000)
  eden space 666112K, 0% used [0x0000000780780000,0x0000000780780000,0x00000007a9200000)
  from space 15360K, 0% used [0x00000007a9200000,0x00000007a9200000,0x00000007aa100000)
  to   space 15872K, 0% used [0x00000007b8500000,0x00000007b8500000,0x00000007b9480000)
 ParOldGen       total 143360K, used 35267K [0x0000000701600000, 0x000000070a200000, 0x0000000780780000)
  object space 143360K, 24% used [0x0000000701600000,0x0000000703870ff0,0x000000070a200000)
 Metaspace       used 57415K, capacity 58890K, committed 59160K, reserved 1101824K
  class space    used 7021K, capacity 7312K, committed 7344K, reserved 1048576K
}
Event: 140.417 GC heap before
{Heap before GC invocations=17 (full 3):
 PSYoungGen      total 681472K, used 666112K [0x0000000780780000, 0x00000007b9480000, 0x00000007c0000000)
  eden space 666112K, 100% used [0x0000000780780000,0x00000007a9200000,0x00000007a9200000)
  from space 15360K, 0% used [0x00000007a9200000,0x00000007a9200000,0x00000007aa100000)
  to   space 15872K, 0% used [0x00000007b8500000,0x00000007b8500000,0x00000007b9480000)
 ParOldGen       total 143360K, used 35267K [0x0000000701600000, 0x000000070a200000, 0x0000000780780000)
  object space 143360K, 24% used [0x0000000701600000,0x0000000703870ff0,0x000000070a200000)
 Metaspace       used 68057K, capacity 69708K, committed 70192K, reserved 1110016K
  class space    used 8880K, capacity 9193K, committed 9264K, reserved 1048576K
Event: 140.457 GC heap after
Heap after GC invocations=17 (full 3):
 PSYoungGen      total 894464K, used 12918K [0x0000000780780000, 0x00000007b9200000, 0x00000007c0000000)
  eden space 881152K, 0% used [0x0000000780780000,0x0000000780780000,0x00000007b6400000)
  from space 13312K, 97% used [0x00000007b8500000,0x00000007b919daa8,0x00000007b9200000)
  to   space 16896K, 0% used [0x00000007b7100000,0x00000007b7100000,0x00000007b8180000)
 ParOldGen       total 143360K, used 35275K [0x0000000701600000, 0x000000070a200000, 0x0000000780780000)
  object space 143360K, 24% used [0x0000000701600000,0x0000000703872ff0,0x000000070a200000)
 Metaspace       used 68057K, capacity 69708K, committed 70192K, reserved 1110016K
  class space    used 8880K, capacity 9193K, committed 9264K, reserved 1048576K
}

