# JRE version: Java(TM) SE Runtime Environment (8.0_102-b14) (build 1.8.0_102-b14)
# Java VM: Java HotSpot(TM) 64-Bit Server VM (25.102-b14 mixed mode windows-amd64 compressed oops)
Heap:
 PSYoungGen      total 927232K, used 855007K [0x0000000780780000, 0x00000007c0000000, 0x00000007c0000000)
  eden space 902656K, 91% used [0x0000000780780000,0x00000007b327a2d0,0x00000007b7900000)
  from space 24576K, 99% used [0x00000007bbd80000,0x00000007bd57d978,0x00000007bd580000)
  to   space 69120K, 0% used [0x00000007b7900000,0x00000007b7900000,0x00000007bbc80000)
 ParOldGen       total 247808K, used 151085K [0x0000000701600000, 0x0000000710800000, 0x0000000780780000)
  object space 247808K, 60% used [0x0000000701600000,0x000000070a98b7c0,0x0000000710800000)
 Metaspace       used 154593K, capacity 162481K, committed 162944K, reserved 1187840K
  class space    used 22345K, capacity 23753K, committed 23936K, reserved 1048576K
GC Heap History (10 events):
Event: 248.948 GC heap before
{Heap before GC invocations=50 (full 3):
 PSYoungGen      total 947712K, used 947256K [0x0000000780780000, 0x00000007bf080000, 0x00000007c0000000)
  eden space 932864K, 100% used [0x0000000780780000,0x00000007b9680000,0x00000007b9680000)
  from space 14848K, 96% used [0x00000007be200000,0x00000007bf00e040,0x00000007bf080000)
  to   space 28672K, 0% used [0x00000007bb880000,0x00000007bb880000,0x00000007bd480000)
 ParOldGen       total 155136K, used 63331K [0x0000000701600000, 0x000000070ad80000, 0x0000000780780000)
  object space 155136K, 40% used [0x0000000701600000,0x00000007053d8ed0,0x000000070ad80000)
 Metaspace       used 88840K, capacity 94981K, committed 95232K, reserved 1130496K
  class space    used 12091K, capacity 13273K, committed 13312K, reserved 1048576K
Event: 248.972 GC heap after
Heap after GC invocations=50 (full 3):
 PSYoungGen      total 906240K, used 13392K [0x0000000780780000, 0x00000007be280000, 0x00000007c0000000)
  eden space 892416K, 0% used [0x0000000780780000,0x0000000780780000,0x00000007b6f00000)
  from space 13824K, 96% used [0x00000007bb880000,0x00000007bc5942b8,0x00000007bc600000)
  to   space 27648K, 0% used [0x00000007bc780000,0x00000007bc780000,0x00000007be280000)
 ParOldGen       total 155136K, used 63379K [0x0000000701600000, 0x000000070ad80000, 0x0000000780780000)
  object space 155136K, 40% used [0x0000000701600000,0x00000007053e4ed0,0x000000070ad80000)
 Metaspace       used 88840K, capacity 94981K, committed 95232K, reserved 1130496K
  class space    used 12091K, capacity 13273K, committed 13312K, reserved 1048576K
}
Event: 260.026 GC heap before
{Heap before GC invocations=51 (full 3):
 PSYoungGen      total 906240K, used 780490K [0x0000000780780000, 0x00000007be280000, 0x00000007c0000000)
  eden space 892416K, 85% used [0x0000000780780000,0x00000007af49e8f0,0x00000007b6f00000)
  from space 13824K, 96% used [0x00000007bb880000,0x00000007bc5942b8,0x00000007bc600000)
  to   space 27648K, 0% used [0x00000007bc780000,0x00000007bc780000,0x00000007be280000)
 ParOldGen       total 155136K, used 63379K [0x0000000701600000, 0x000000070ad80000, 0x0000000780780000)
  object space 155136K, 40% used [0x0000000701600000,0x00000007053e4ed0,0x000000070ad80000)
 Metaspace       used 91915K, capacity 98169K, committed 98304K, reserved 1132544K
  class space    used 13046K, capacity 14263K, committed 14336K, reserved 1048576K
Event: 260.053 GC heap after
Heap after GC invocations=51 (full 3):
 PSYoungGen      total 870912K, used 16721K [0x0000000780780000, 0x00000007bd800000, 0x00000007c0000000)
  eden space 854016K, 0% used [0x0000000780780000,0x0000000780780000,0x00000007b4980000)
  from space 16896K, 98% used [0x00000007bc780000,0x00000007bd7d4718,0x00000007bd800000)
  to   space 27136K, 0% used [0x00000007ba300000,0x00000007ba300000,0x00000007bbd80000)
 ParOldGen       total 155136K, used 64891K [0x0000000701600000, 0x000000070ad80000, 0x0000000780780000)
  object space 155136K, 41% used [0x0000000701600000,0x000000070555ef00,0x000000070ad80000)
 Metaspace       used 91915K, capacity 98169K, committed 98304K, reserved 1132544K
  class space    used 13046K, capacity 14263K, committed 14336K, reserved 1048576K
}
Event: 260.053 GC heap before
{Heap before GC invocations=52 (full 4):
 PSYoungGen      total 870912K, used 16721K [0x0000000780780000, 0x00000007bd800000, 0x00000007c0000000)
  eden space 854016K, 0% used [0x0000000780780000,0x0000000780780000,0x00000007b4980000)
  from space 16896K, 98% used [0x00000007bc780000,0x00000007bd7d4718,0x00000007bd800000)
  to   space 27136K, 0% used [0x00000007ba300000,0x00000007ba300000,0x00000007bbd80000)
 ParOldGen       total 155136K, used 64891K [0x0000000701600000, 0x000000070ad80000, 0x0000000780780000)
  object space 155136K, 41% used [0x0000000701600000,0x000000070555ef00,0x000000070ad80000)
 Metaspace       used 91915K, capacity 98169K, committed 98304K, reserved 1132544K
  class space    used 13046K, capacity 14263K, committed 14336K, reserved 1048576K
Event: 260.272 GC heap after
Heap after GC invocations=52 (full 4):
 PSYoungGen      total 870912K, used 0K [0x0000000780780000, 0x00000007bd800000, 0x00000007c0000000)
  eden space 854016K, 0% used [0x0000000780780000,0x0000000780780000,0x00000007b4980000)
  from space 16896K, 0% used [0x00000007bc780000,0x00000007bc780000,0x00000007bd800000)
  to   space 27136K, 0% used [0x00000007ba300000,0x00000007ba300000,0x00000007bbd80000)
 ParOldGen       total 247808K, used 43383K [0x0000000701600000, 0x0000000710800000, 0x0000000780780000)
  object space 247808K, 17% used [0x0000000701600000,0x000000070405deb0,0x0000000710800000)
 Metaspace       used 91536K, capacity 97271K, committed 98304K, reserved 1132544K
  class space    used 12964K, capacity 13969K, committed 14336K, reserved 1048576K
}
Event: 269.655 GC heap before
{Heap before GC invocations=53 (full 4):
 PSYoungGen      total 870912K, used 854016K [0x0000000780780000, 0x00000007bd800000, 0x00000007c0000000)
  eden space 854016K, 100% used [0x0000000780780000,0x00000007b4980000,0x00000007b4980000)
  from space 16896K, 0% used [0x00000007bc780000,0x00000007bc780000,0x00000007bd800000)
  to   space 27136K, 0% used [0x00000007ba300000,0x00000007ba300000,0x00000007bbd80000)
 ParOldGen       total 247808K, used 43383K [0x0000000701600000, 0x0000000710800000, 0x0000000780780000)
  object space 247808K, 17% used [0x0000000701600000,0x000000070405deb0,0x0000000710800000)
 Metaspace       used 114779K, capacity 121547K, committed 122368K, reserved 1153024K
  class space    used 17348K, capacity 18425K, committed 18688K, reserved 1048576K
Event: 269.743 GC heap after
Heap after GC invocations=53 (full 4):
 PSYoungGen      total 936448K, used 27119K [0x0000000780780000, 0x00000007bd580000, 0x00000007c0000000)
  eden space 909312K, 0% used [0x0000000780780000,0x0000000780780000,0x00000007b7f80000)
  from space 27136K, 99% used [0x00000007ba300000,0x00000007bbd7bd30,0x00000007bbd80000)
  to   space 24576K, 0% used [0x00000007bbd80000,0x00000007bbd80000,0x00000007bd580000)
 ParOldGen       total 247808K, used 80719K [0x0000000701600000, 0x0000000710800000, 0x0000000780780000)
  object space 247808K, 32% used [0x0000000701600000,0x00000007064d3e90,0x0000000710800000)
 Metaspace       used 114779K, capacity 121547K, committed 122368K, reserved 1153024K
  class space    used 17348K, capacity 18425K, committed 18688K, reserved 1048576K
}
Event: 280.703 GC heap before
{Heap before GC invocations=54 (full 4):
 PSYoungGen      total 936448K, used 936431K [0x0000000780780000, 0x00000007bd580000, 0x00000007c0000000)
  eden space 909312K, 100% used [0x0000000780780000,0x00000007b7f80000,0x00000007b7f80000)
  from space 27136K, 99% used [0x00000007ba300000,0x00000007bbd7bd30,0x00000007bbd80000)
  to   space 24576K, 0% used [0x00000007bbd80000,0x00000007bbd80000,0x00000007bd580000)
 ParOldGen       total 247808K, used 80719K [0x0000000701600000, 0x0000000710800000, 0x0000000780780000)
  object space 247808K, 32% used [0x0000000701600000,0x00000007064d3e90,0x0000000710800000)
 Metaspace       used 144903K, capacity 152085K, committed 153088K, reserved 1179648K
  class space    used 21092K, capacity 22243K, committed 22528K, reserved 1048576K
Event: 280.954 GC heap after
Heap after GC invocations=54 (full 4):
 PSYoungGen      total 927232K, used 24566K [0x0000000780780000, 0x00000007c0000000, 0x00000007c0000000)
  eden space 902656K, 0% used [0x0000000780780000,0x0000000780780000,0x00000007b7900000)
  from space 24576K, 99% used [0x00000007bbd80000,0x00000007bd57d978,0x00000007bd580000)
  to   space 69120K, 0% used [0x00000007b7900000,0x00000007b7900000,0x00000007bbc80000)
 ParOldGen       total 247808K, used 151085K [0x0000000701600000, 0x0000000710800000, 0x0000000780780000)
  object space 247808K, 60% used [0x0000000701600000,0x000000070a98b7c0,0x0000000710800000)
 Metaspace       used 144903K, capacity 152085K, committed 153088K, reserved 1179648K
  class space    used 21092K, capacity 22243K, committed 22528K, reserved 1048576K
}

