# JRE version: Java(TM) SE Runtime Environment (8.0_102-b14) (build 1.8.0_102-b14)
# Java VM: Java HotSpot(TM) 64-Bit Server VM (25.102-b14 mixed mode windows-amd64 compressed oops)
Heap:
 PSYoungGen      total 1005056K, used 965998K [0x0000000780780000, 0x00000007c0000000, 0x00000007c0000000)
  eden space 969728K, 96% used [0x0000000780780000,0x00000007b9cbe7a8,0x00000007bba80000)
  from space 35328K, 75% used [0x00000007bba80000,0x00000007bd49d1b0,0x00000007bdd00000)
  to   space 35840K, 0% used [0x00000007bdd00000,0x00000007bdd00000,0x00000007c0000000)
 ParOldGen       total 280576K, used 73611K [0x0000000701600000, 0x0000000712800000, 0x0000000780780000)
  object space 280576K, 26% used [0x0000000701600000,0x0000000705de2cc0,0x0000000712800000)
 Metaspace       used 126020K, capacity 132298K, committed 132352K, reserved 1163264K
  class space    used 16939K, capacity 18128K, committed 18176K, reserved 1048576K
GC Heap History (10 events):
Event: 186.154 GC heap before
{Heap before GC invocations=25 (full 4):
 PSYoungGen      total 999424K, used 984290K [0x0000000780780000, 0x00000007bfd00000, 0x00000007c0000000)
  eden space 964096K, 100% used [0x0000000780780000,0x00000007bb500000,0x00000007bb500000)
  from space 35328K, 57% used [0x00000007bda80000,0x00000007bee38a98,0x00000007bfd00000)
  to   space 36864K, 0% used [0x00000007bb500000,0x00000007bb500000,0x00000007bd900000)
 ParOldGen       total 280576K, used 73571K [0x0000000701600000, 0x0000000712800000, 0x0000000780780000)
  object space 280576K, 26% used [0x0000000701600000,0x0000000705dd8cc0,0x0000000712800000)
 Metaspace       used 118925K, capacity 124566K, committed 124672K, reserved 1157120K
  class space    used 16081K, capacity 17112K, committed 17152K, reserved 1048576K
Event: 186.187 GC heap after
Heap after GC invocations=25 (full 4):
 PSYoungGen      total 1000960K, used 24134K [0x0000000780780000, 0x00000007c0000000, 0x00000007c0000000)
  eden space 964096K, 0% used [0x0000000780780000,0x0000000780780000,0x00000007bb500000)
  from space 36864K, 65% used [0x00000007bb500000,0x00000007bcc918a8,0x00000007bd900000)
  to   space 36864K, 0% used [0x00000007bdc00000,0x00000007bdc00000,0x00000007c0000000)
 ParOldGen       total 280576K, used 73579K [0x0000000701600000, 0x0000000712800000, 0x0000000780780000)
  object space 280576K, 26% used [0x0000000701600000,0x0000000705ddacc0,0x0000000712800000)
 Metaspace       used 118925K, capacity 124566K, committed 124672K, reserved 1157120K
  class space    used 16081K, capacity 17112K, committed 17152K, reserved 1048576K
}
Event: 193.260 GC heap before
{Heap before GC invocations=26 (full 4):
 PSYoungGen      total 1000960K, used 988230K [0x0000000780780000, 0x00000007c0000000, 0x00000007c0000000)
  eden space 964096K, 100% used [0x0000000780780000,0x00000007bb500000,0x00000007bb500000)
  from space 36864K, 65% used [0x00000007bb500000,0x00000007bcc918a8,0x00000007bd900000)
  to   space 36864K, 0% used [0x00000007bdc00000,0x00000007bdc00000,0x00000007c0000000)
 ParOldGen       total 280576K, used 73579K [0x0000000701600000, 0x0000000712800000, 0x0000000780780000)
  object space 280576K, 26% used [0x0000000701600000,0x0000000705ddacc0,0x0000000712800000)
 Metaspace       used 120354K, capacity 126344K, committed 126464K, reserved 1159168K
  class space    used 16281K, capacity 17364K, committed 17408K, reserved 1048576K
Event: 193.285 GC heap after
Heap after GC invocations=26 (full 4):
 PSYoungGen      total 1001984K, used 21819K [0x0000000780780000, 0x00000007bfe00000, 0x00000007c0000000)
  eden space 967168K, 0% used [0x0000000780780000,0x0000000780780000,0x00000007bb800000)
  from space 34816K, 62% used [0x00000007bdc00000,0x00000007bf14ecb8,0x00000007bfe00000)
  to   space 35840K, 0% used [0x00000007bb800000,0x00000007bb800000,0x00000007bdb00000)
 ParOldGen       total 280576K, used 73587K [0x0000000701600000, 0x0000000712800000, 0x0000000780780000)
  object space 280576K, 26% used [0x0000000701600000,0x0000000705ddccc0,0x0000000712800000)
 Metaspace       used 120354K, capacity 126344K, committed 126464K, reserved 1159168K
  class space    used 16281K, capacity 17364K, committed 17408K, reserved 1048576K
}
Event: 200.482 GC heap before
{Heap before GC invocations=27 (full 4):
 PSYoungGen      total 1001984K, used 988987K [0x0000000780780000, 0x00000007bfe00000, 0x00000007c0000000)
  eden space 967168K, 100% used [0x0000000780780000,0x00000007bb800000,0x00000007bb800000)
  from space 34816K, 62% used [0x00000007bdc00000,0x00000007bf14ecb8,0x00000007bfe00000)
  to   space 35840K, 0% used [0x00000007bb800000,0x00000007bb800000,0x00000007bdb00000)
 ParOldGen       total 280576K, used 73587K [0x0000000701600000, 0x0000000712800000, 0x0000000780780000)
  object space 280576K, 26% used [0x0000000701600000,0x0000000705ddccc0,0x0000000712800000)
 Metaspace       used 122446K, capacity 128508K, committed 128768K, reserved 1161216K
  class space    used 16471K, capacity 17610K, committed 17664K, reserved 1048576K
Event: 200.509 GC heap after
Heap after GC invocations=27 (full 4):
 PSYoungGen      total 1003008K, used 22890K [0x0000000780780000, 0x00000007c0000000, 0x00000007c0000000)
  eden space 967168K, 0% used [0x0000000780780000,0x0000000780780000,0x00000007bb800000)
  from space 35840K, 63% used [0x00000007bb800000,0x00000007bce5a9e0,0x00000007bdb00000)
  to   space 35328K, 0% used [0x00000007bdd80000,0x00000007bdd80000,0x00000007c0000000)
 ParOldGen       total 280576K, used 73595K [0x0000000701600000, 0x0000000712800000, 0x0000000780780000)
  object space 280576K, 26% used [0x0000000701600000,0x0000000705ddecc0,0x0000000712800000)
 Metaspace       used 122446K, capacity 128508K, committed 128768K, reserved 1161216K
  class space    used 16471K, capacity 17610K, committed 17664K, reserved 1048576K
}
Event: 207.342 GC heap before
{Heap before GC invocations=28 (full 4):
 PSYoungGen      total 1003008K, used 990058K [0x0000000780780000, 0x00000007c0000000, 0x00000007c0000000)
  eden space 967168K, 100% used [0x0000000780780000,0x00000007bb800000,0x00000007bb800000)
  from space 35840K, 63% used [0x00000007bb800000,0x00000007bce5a9e0,0x00000007bdb00000)
  to   space 35328K, 0% used [0x00000007bdd80000,0x00000007bdd80000,0x00000007c0000000)
 ParOldGen       total 280576K, used 73595K [0x0000000701600000, 0x0000000712800000, 0x0000000780780000)
  object space 280576K, 26% used [0x0000000701600000,0x0000000705ddecc0,0x0000000712800000)
 Metaspace       used 122912K, capacity 129158K, committed 129408K, reserved 1161216K
  class space    used 16518K, capacity 17687K, committed 17792K, reserved 1048576K
Event: 207.377 GC heap after
Heap after GC invocations=28 (full 4):
 PSYoungGen      total 1004544K, used 24245K [0x0000000780780000, 0x00000007bff80000, 0x00000007c0000000)
  eden space 969728K, 0% used [0x0000000780780000,0x0000000780780000,0x00000007bba80000)
  from space 34816K, 69% used [0x00000007bdd80000,0x00000007bf52d7c0,0x00000007bff80000)
  to   space 35328K, 0% used [0x00000007bba80000,0x00000007bba80000,0x00000007bdd00000)
 ParOldGen       total 280576K, used 73603K [0x0000000701600000, 0x0000000712800000, 0x0000000780780000)
  object space 280576K, 26% used [0x0000000701600000,0x0000000705de0cc0,0x0000000712800000)
 Metaspace       used 122912K, capacity 129158K, committed 129408K, reserved 1161216K
  class space    used 16518K, capacity 17687K, committed 17792K, reserved 1048576K
}
Event: 214.702 GC heap before
{Heap before GC invocations=29 (full 4):
 PSYoungGen      total 1004544K, used 993973K [0x0000000780780000, 0x00000007bff80000, 0x00000007c0000000)
  eden space 969728K, 100% used [0x0000000780780000,0x00000007bba80000,0x00000007bba80000)
  from space 34816K, 69% used [0x00000007bdd80000,0x00000007bf52d7c0,0x00000007bff80000)
  to   space 35328K, 0% used [0x00000007bba80000,0x00000007bba80000,0x00000007bdd00000)
 ParOldGen       total 280576K, used 73603K [0x0000000701600000, 0x0000000712800000, 0x0000000780780000)
  object space 280576K, 26% used [0x0000000701600000,0x0000000705de0cc0,0x0000000712800000)
 Metaspace       used 125709K, capacity 131946K, committed 132096K, reserved 1163264K
  class space    used 16908K, capacity 18072K, committed 18176K, reserved 1048576K
Event: 214.735 GC heap after
Heap after GC invocations=29 (full 4):
 PSYoungGen      total 1005056K, used 26740K [0x0000000780780000, 0x00000007c0000000, 0x00000007c0000000)
  eden space 969728K, 0% used [0x0000000780780000,0x0000000780780000,0x00000007bba80000)
  from space 35328K, 75% used [0x00000007bba80000,0x00000007bd49d1b0,0x00000007bdd00000)
  to   space 35840K, 0% used [0x00000007bdd00000,0x00000007bdd00000,0x00000007c0000000)
 ParOldGen       total 280576K, used 73611K [0x0000000701600000, 0x0000000712800000, 0x0000000780780000)
  object space 280576K, 26% used [0x0000000701600000,0x0000000705de2cc0,0x0000000712800000)
 Metaspace       used 125709K, capacity 131946K, committed 132096K, reserved 1163264K
  class space    used 16908K, capacity 18072K, committed 18176K, reserved 1048576K
}

