# JRE version: Java(TM) SE Runtime Environment (8.0_102-b14) (build 1.8.0_102-b14)
# Java VM: Java HotSpot(TM) 64-Bit Server VM (25.102-b14 mixed mode windows-amd64 compressed oops)
Heap:
 PSYoungGen      total 734208K, used 514447K [0x0000000780780000, 0x00000007b3b80000, 0x00000007c0000000)
  eden space 713728K, 69% used [0x0000000780780000,0x000000079e9e79d0,0x00000007ac080000)
  from space 20480K, 99% used [0x00000007ac080000,0x00000007ad47c2a0,0x00000007ad480000)
  to   space 30208K, 0% used [0x00000007b1e00000,0x00000007b1e00000,0x00000007b3b80000)
 ParOldGen       total 167424K, used 64471K [0x0000000701600000, 0x000000070b980000, 0x0000000780780000)
  object space 167424K, 38% used [0x0000000701600000,0x00000007054f5f90,0x000000070b980000)
 Metaspace       used 91673K, capacity 94908K, committed 94936K, reserved 1132544K
  class space    used 11875K, capacity 12517K, committed 12544K, reserved 1048576K
GC Heap History (10 events):
Event: 78.964 GC heap before
{Heap before GC invocations=10 (full 2):
 PSYoungGen      total 349184K, used 336384K [0x0000000780780000, 0x00000007a3700000, 0x00000007c0000000)
  eden space 336384K, 100% used [0x0000000780780000,0x0000000795000000,0x0000000795000000)
  from space 12800K, 0% used [0x0000000795000000,0x0000000795000000,0x0000000795c80000)
  to   space 12288K, 0% used [0x00000007a2b00000,0x00000007a2b00000,0x00000007a3700000)
 ParOldGen       total 96768K, used 12775K [0x0000000701600000, 0x0000000707480000, 0x0000000780780000)
  object space 96768K, 13% used [0x0000000701600000,0x0000000702279d20,0x0000000707480000)
 Metaspace       used 49745K, capacity 51032K, committed 51288K, reserved 1093632K
  class space    used 6660K, capacity 6966K, committed 7040K, reserved 1048576K
Event: 79.000 GC heap after
Heap after GC invocations=10 (full 2):
 PSYoungGen      total 545280K, used 12265K [0x0000000780780000, 0x00000007a3700000, 0x00000007c0000000)
  eden space 532992K, 0% used [0x0000000780780000,0x0000000780780000,0x00000007a1000000)
  from space 12288K, 99% used [0x00000007a2b00000,0x00000007a36fa5e8,0x00000007a3700000)
  to   space 15872K, 0% used [0x00000007a1800000,0x00000007a1800000,0x00000007a2780000)
 ParOldGen       total 96768K, used 17264K [0x0000000701600000, 0x0000000707480000, 0x0000000780780000)
  object space 96768K, 17% used [0x0000000701600000,0x00000007026dc108,0x0000000707480000)
 Metaspace       used 49745K, capacity 51032K, committed 51288K, reserved 1093632K
  class space    used 6660K, capacity 6966K, committed 7040K, reserved 1048576K
}
Event: 85.769 GC heap before
{Heap before GC invocations=11 (full 2):
 PSYoungGen      total 545280K, used 197326K [0x0000000780780000, 0x00000007a3700000, 0x00000007c0000000)
  eden space 532992K, 34% used [0x0000000780780000,0x000000078bc392f8,0x00000007a1000000)
  from space 12288K, 99% used [0x00000007a2b00000,0x00000007a36fa5e8,0x00000007a3700000)
  to   space 15872K, 0% used [0x00000007a1800000,0x00000007a1800000,0x00000007a2780000)
 ParOldGen       total 96768K, used 17264K [0x0000000701600000, 0x0000000707480000, 0x0000000780780000)
  object space 96768K, 17% used [0x0000000701600000,0x00000007026dc108,0x0000000707480000)
 Metaspace       used 57044K, capacity 58802K, committed 58968K, reserved 1099776K
  class space    used 7534K, capacity 7945K, committed 8064K, reserved 1048576K
Event: 85.878 GC heap after
Heap after GC invocations=11 (full 2):
 PSYoungGen      total 557056K, used 9198K [0x0000000780780000, 0x00000007ae880000, 0x00000007c0000000)
  eden space 541184K, 0% used [0x0000000780780000,0x0000000780780000,0x00000007a1800000)
  from space 15872K, 57% used [0x00000007a1800000,0x00000007a20fba68,0x00000007a2780000)
  to   space 15360K, 0% used [0x00000007ad980000,0x00000007ad980000,0x00000007ae880000)
 ParOldGen       total 96768K, used 33656K [0x0000000701600000, 0x0000000707480000, 0x0000000780780000)
  object space 96768K, 34% used [0x0000000701600000,0x00000007036de118,0x0000000707480000)
 Metaspace       used 57044K, capacity 58802K, committed 58968K, reserved 1099776K
  class space    used 7534K, capacity 7945K, committed 8064K, reserved 1048576K
}
Event: 85.878 GC heap before
{Heap before GC invocations=12 (full 3):
 PSYoungGen      total 557056K, used 9198K [0x0000000780780000, 0x00000007ae880000, 0x00000007c0000000)
  eden space 541184K, 0% used [0x0000000780780000,0x0000000780780000,0x00000007a1800000)
  from space 15872K, 57% used [0x00000007a1800000,0x00000007a20fba68,0x00000007a2780000)
  to   space 15360K, 0% used [0x00000007ad980000,0x00000007ad980000,0x00000007ae880000)
 ParOldGen       total 96768K, used 33656K [0x0000000701600000, 0x0000000707480000, 0x0000000780780000)
  object space 96768K, 34% used [0x0000000701600000,0x00000007036de118,0x0000000707480000)
 Metaspace       used 57044K, capacity 58802K, committed 58968K, reserved 1099776K
  class space    used 7534K, capacity 7945K, committed 8064K, reserved 1048576K
Event: 89.470 GC heap after
Heap after GC invocations=12 (full 3):
 PSYoungGen      total 557056K, used 0K [0x0000000780780000, 0x00000007ae880000, 0x00000007c0000000)
  eden space 541184K, 0% used [0x0000000780780000,0x0000000780780000,0x00000007a1800000)
  from space 15872K, 0% used [0x00000007a1800000,0x00000007a1800000,0x00000007a2780000)
  to   space 15360K, 0% used [0x00000007ad980000,0x00000007ad980000,0x00000007ae880000)
 ParOldGen       total 167424K, used 35762K [0x0000000701600000, 0x000000070b980000, 0x0000000780780000)
  object space 167424K, 21% used [0x0000000701600000,0x00000007038eca00,0x000000070b980000)
 Metaspace       used 57044K, capacity 58802K, committed 58968K, reserved 1099776K
  class space    used 7534K, capacity 7945K, committed 8064K, reserved 1048576K
}
Event: 111.709 GC heap before
{Heap before GC invocations=13 (full 3):
 PSYoungGen      total 557056K, used 541184K [0x0000000780780000, 0x00000007ae880000, 0x00000007c0000000)
  eden space 541184K, 100% used [0x0000000780780000,0x00000007a1800000,0x00000007a1800000)
  from space 15872K, 0% used [0x00000007a1800000,0x00000007a1800000,0x00000007a2780000)
  to   space 15360K, 0% used [0x00000007ad980000,0x00000007ad980000,0x00000007ae880000)
 ParOldGen       total 167424K, used 35762K [0x0000000701600000, 0x000000070b980000, 0x0000000780780000)
  object space 167424K, 21% used [0x0000000701600000,0x00000007038eca00,0x000000070b980000)
 Metaspace       used 75006K, capacity 77464K, committed 77656K, reserved 1116160K
  class space    used 9821K, capacity 10326K, committed 10368K, reserved 1048576K
Event: 113.094 GC heap after
Heap after GC invocations=13 (full 3):
 PSYoungGen      total 654336K, used 15335K [0x0000000780780000, 0x00000007ae880000, 0x00000007c0000000)
  eden space 638976K, 0% used [0x0000000780780000,0x0000000780780000,0x00000007a7780000)
  from space 15360K, 99% used [0x00000007ad980000,0x00000007ae879f60,0x00000007ae880000)
  to   space 20480K, 0% used [0x00000007ac080000,0x00000007ac080000,0x00000007ad480000)
 ParOldGen       total 167424K, used 44688K [0x0000000701600000, 0x000000070b980000, 0x0000000780780000)
  object space 167424K, 26% used [0x0000000701600000,0x00000007041a4110,0x000000070b980000)
 Metaspace       used 75006K, capacity 77464K, committed 77656K, reserved 1116160K
  class space    used 9821K, capacity 10326K, committed 10368K, reserved 1048576K
}
Event: 165.356 GC heap before
{Heap before GC invocations=14 (full 3):
 PSYoungGen      total 654336K, used 654311K [0x0000000780780000, 0x00000007ae880000, 0x00000007c0000000)
  eden space 638976K, 100% used [0x0000000780780000,0x00000007a7780000,0x00000007a7780000)
  from space 15360K, 99% used [0x00000007ad980000,0x00000007ae879f60,0x00000007ae880000)
  to   space 20480K, 0% used [0x00000007ac080000,0x00000007ac080000,0x00000007ad480000)
 ParOldGen       total 167424K, used 44688K [0x0000000701600000, 0x000000070b980000, 0x0000000780780000)
  object space 167424K, 26% used [0x0000000701600000,0x00000007041a4110,0x000000070b980000)
 Metaspace       used 90729K, capacity 93896K, committed 94168K, reserved 1130496K
  class space    used 11788K, capacity 12439K, committed 12544K, reserved 1048576K
Event: 168.371 GC heap after
Heap after GC invocations=14 (full 3):
 PSYoungGen      total 734208K, used 20464K [0x0000000780780000, 0x00000007b3b80000, 0x00000007c0000000)
  eden space 713728K, 0% used [0x0000000780780000,0x0000000780780000,0x00000007ac080000)
  from space 20480K, 99% used [0x00000007ac080000,0x00000007ad47c2a0,0x00000007ad480000)
  to   space 30208K, 0% used [0x00000007b1e00000,0x00000007b1e00000,0x00000007b3b80000)
 ParOldGen       total 167424K, used 64471K [0x0000000701600000, 0x000000070b980000, 0x0000000780780000)
  object space 167424K, 38% used [0x0000000701600000,0x00000007054f5f90,0x000000070b980000)
 Metaspace       used 90729K, capacity 93896K, committed 94168K, reserved 1130496K
  class space    used 11788K, capacity 12439K, committed 12544K, reserved 1048576K
}

